<?xml version="1.0" encoding="UTF-8"?>
<testng-results skipped="0" failed="0" ignored="0" total="1" passed="1">
  <reporter-output>
  </reporter-output>
  <suite name="Default suite" duration-ms="11730" started-at="2020-07-03T12:07:16Z" finished-at="2020-07-03T12:07:28Z">
    <groups>
    </groups>
    <test name="Default test" duration-ms="11730" started-at="2020-07-03T12:07:16Z" finished-at="2020-07-03T12:07:28Z">
      <class name="com.Fbtestrunner.Fbexecution">
        <test-method status="PASS" signature="fbrunner()[pri:0, instance:com.Fbtestrunner.Fbexecution@59fa1d9b]" name="fbrunner" duration-ms="11716" started-at="2020-07-03T12:07:16Z" finished-at="2020-07-03T12:07:28Z">
          <reporter-output>
          </reporter-output>
        </test-method> <!-- fbrunner -->
      </class> <!-- com.Fbtestrunner.Fbexecution -->
    </test> <!-- Default test -->
  </suite> <!-- Default suite -->
</testng-results>
